<?xml version="1.0" encoding="UTF-8"?>
<!-- Generated by org.testng.reporters.JUnitReportReporter -->
<testsuite hostname="LAPTOP-9SJQOIA4" failures="0" tests="1" name="com.org.SearchTest" time="11.601" errors="0" timestamp="2022-03-29T16:51:58 IST" skipped="0">
  <testcase classname="com.org.SearchTest" name="search" time="11.601"/>
  <system-out/>
</testsuite> <!-- com.org.SearchTest -->
