<?xml version="1.0" encoding="UTF-8"?>
<!-- Generated by org.testng.reporters.JUnitReportReporter -->
<testsuite hostname="LAPTOP-9SJQOIA4" failures="0" tests="1" name="com.org.addtocartTest" time="16.828" errors="0" timestamp="2022-03-29T16:45:22 IST" skipped="0">
  <testcase classname="com.org.addtocartTest" name="addtocart" time="16.828"/>
  <system-out/>
</testsuite> <!-- com.org.addtocartTest -->
