<?xml version="1.0" encoding="UTF-8"?>
<!-- Generated by org.testng.reporters.JUnitReportReporter -->
<testsuite hostname="LAPTOP-9SJQOIA4" failures="0" tests="1" name="com.org.RegistrationTest" time="7.032" errors="0" timestamp="2022-03-29T16:48:39 IST" skipped="0">
  <testcase classname="com.org.RegistrationTest" name="signup" time="7.032"/>
  <system-out/>
</testsuite> <!-- com.org.RegistrationTest -->
