<?xml version="1.0" encoding="UTF-8"?>
<!-- Generated by org.testng.reporters.JUnitReportReporter -->
<testsuite hostname="LAPTOP-9SJQOIA4" failures="0" tests="1" name="com.org.LoginTest" time="9.067" errors="0" timestamp="2022-03-29T16:47:07 IST" skipped="0">
  <testcase classname="com.org.LoginTest" name="login" time="9.067"/>
  <system-out/>
</testsuite> <!-- com.org.LoginTest -->
