<?xml version="1.0" encoding="UTF-8"?>
<!-- Generated by org.testng.reporters.JUnitReportReporter -->
<testsuite hostname="LAPTOP-9SJQOIA4" failures="0" tests="1" name="com.org.NewTest" time="6.866" errors="0" timestamp="2022-03-29T15:59:06 IST" skipped="0">
  <testcase classname="com.org.NewTest" name="signup" time="6.866"/>
  <system-out/>
</testsuite> <!-- com.org.NewTest -->
